WARNING:[p0] 'Diet' not found in these lines: []
WARNING:[p0 Ptu 1.05 Pokédex] No 'Capability List' section found.
WARNING:[p0 Ptu 1.05 Pokédex] Skipped: no parsable sections found.
WARNING:[p1] 'Diet' not found in these lines: []
WARNING:[p1 Foreword] No 'Capability List' section found.
WARNING:[p2] 'Diet' not found in these lines: []
WARNING:[p2 Orchynx . . . . . . . . . . . . . . . . . . . . . . . . . . . . . . . . . . 6] No 'Capability List' section found.
WARNING:[p2 Orchynx . . . . . . . . . . . . . . . . . . . . . . . . . . . . . . . . . . 6] Skipped: no parsable sections found.
WARNING:[p3] 'Diet' not found in these lines: []
WARNING:[p3 Fafurr . . . . . . . . . . . . . . . . . . . . . . . . . . . . . . . . . . 126] No 'Capability List' section found.
WARNING:[p3 Fafurr . . . . . . . . . . . . . . . . . . . . . . . . . . . . . . . . . . 126] Skipped: no parsable sections found.
WARNING:[p4] 'Diet' not found in these lines: []
WARNING:[p4 Evolution Items And Keepsakes] No 'Capability List' section found.
WARNING:[p4 Evolution Items And Keepsakes] Skipped: no parsable sections found.
INFO:[p114 Antarki] 'Skill List' present but no skills parsed.
WARNING:[p167] 'Diet' not found in these lines: []
WARNING:[p167 Split] No 'Capability List' section found.
WARNING:[p168] 'Diet' not found in these lines: []
WARNING:[p168 Static] No 'Capability List' section found.
WARNING:[p168 Static] Skipped: no parsable sections found.
WARNING:[p169] 'Diet' not found in these lines: []
WARNING:[p169 Static] No 'Capability List' section found.
WARNING:[p169 Static] Skipped: no parsable sections found.
WARNING:[p170] 'Diet' not found in these lines: []
WARNING:[p170 Frequency: Eot] No 'Capability List' section found.
WARNING:[p170 Frequency: Eot] Skipped: no parsable sections found.
WARNING:[p171] 'Diet' not found in these lines: []
WARNING:[p171 Frequency: Eot] No 'Capability List' section found.
WARNING:[p171 Frequency: Eot] Skipped: no parsable sections found.
WARNING:[p172] 'Diet' not found in these lines: []
WARNING:[p172 None] No 'Capability List' section found.
WARNING:[p172] Skipped: no Species title detected.
INFO:Parsed 164 records from 173 non-empty pages.
INFO:DO ROTOM, PUMKABOO, GOURGEIST AND HOOPA MANUALLY
